Microsoft HTML Help Compiler 4.74.8702

Compiling c:\Users\edan\Desktop\TYPEWR~1\_tmphhp\typewriterhelp.chm

introduction.html
fonts.html
colours.html
oleobjects.html
images.html
tables.html
submittingissues.html
diyguide.html
typewriterhelp.hhc
typewriterhelp.hhk
fontsb1.PNG
fontsb2.PNG
fontsb3.PNG
fontsb4.PNG
fontsb5.PNG
fontsb6.PNG
coloursb1.PNG
coloursb2.PNG
coloursb3.PNG
coloursb4.PNG
coloursb5.PNG
coloursb6.PNG
tablesb1.PNG
tablesb2.PNG
submittingissuesb1.PNG
submittingissuesb2.PNG
diyguideb1.PNG
diyguideb2.PNG

Compile time: 0 minutes, 2 seconds
10	Topics
54	Local links
0	Internet links
18	Graphics


Created c:\Users\edan\Desktop\TYPEWR~1\_tmphhp\typewriterhelp.chm, 610,576 bytes
Compression decreased file by 333,861 bytes.
